
optiboot_atmega1280.elf:     file format elf32-avr

Sections:
Idx Name          Size      VMA       LMA       File off  Algn
  0 .data         00000000  00800200  0001fe5e  000002f2  2**0
                  CONTENTS, ALLOC, LOAD, DATA
  1 .text         0000025e  0001fc00  0001fc00  00000094  2**1
                  CONTENTS, ALLOC, LOAD, READONLY, CODE
  2 .version      00000002  0001fffe  0001fffe  000002f2  2**0
                  CONTENTS, ALLOC, LOAD, READONLY, DATA
  3 .comment      00000011  00000000  00000000  000002f4  2**0
                  CONTENTS, READONLY
  4 .debug_aranges 00000028  00000000  00000000  00000305  2**0
                  CONTENTS, READONLY, DEBUGGING
  5 .debug_info   00000607  00000000  00000000  0000032d  2**0
                  CONTENTS, READONLY, DEBUGGING
  6 .debug_abbrev 0000027a  00000000  00000000  00000934  2**0
                  CONTENTS, READONLY, DEBUGGING
  7 .debug_line   000003a8  00000000  00000000  00000bae  2**0
                  CONTENTS, READONLY, DEBUGGING
  8 .debug_frame  00000094  00000000  00000000  00000f58  2**2
                  CONTENTS, READONLY, DEBUGGING
  9 .debug_str    00000208  00000000  00000000  00000fec  2**0
                  CONTENTS, READONLY, DEBUGGING
 10 .debug_loc    00000489  00000000  00000000  000011f4  2**0
                  CONTENTS, READONLY, DEBUGGING
 11 .debug_ranges 00000090  00000000  00000000  0000167d  2**0
                  CONTENTS, READONLY, DEBUGGING

Disassembly of section .text:

0001fc00 <main>:
#define appstart_vec (0)
#endif // VIRTUAL_BOOT_PARTITION


/* main program starts here */
int main(void) {
   1fc00:	1f 92       	push	r1
   1fc02:	cd b7       	in	r28, 0x3d	; 61
   1fc04:	de b7       	in	r29, 0x3e	; 62
  //  SP points to RAMEND
  //  r1 contains zero
  //
  // If not, uncomment the following instructions:
  // cli();
  asm volatile ("clr __zero_reg__");
   1fc06:	11 24       	eor	r1, r1
   * Pass the reset reason to app.  Also, it appears that an Uno poweron
   * can leave multiple reset flags set; we only want the bootloader to
   * run on an 'external reset only' status
   */
#if !defined(__AVR_ATmega16__)
  ch = MCUSR;
   1fc08:	84 b7       	in	r24, 0x34	; 52
  MCUSR = 0;
   1fc0a:	14 be       	out	0x34, r1	; 52
#else
  ch = MCUCSR;
  MCUCSR = 0;
#endif
  if (ch & (_BV(WDRF) ))
   1fc0c:	83 fd       	sbrc	r24, 3
      appStart(ch);
   1fc0e:	0b d1       	rcall	.+534    	; 0x1fe26 <appStart>

#if LED_START_FLASHES > 0
  // Set up Timer 1 for timeout counter
  TCCR1B = _BV(CS12) | _BV(CS10); // div 1024
   1fc10:	85 e0       	ldi	r24, 0x05	; 5
   1fc12:	80 93 81 00 	sts	0x0081, r24	; 0x800081 <__TEXT_REGION_LENGTH__+0x7e0081>
  UCSRA = _BV(U2X); //Double speed mode USART
  UCSRB = _BV(RXEN) | _BV(TXEN);  // enable Rx & Tx
  UCSRC = _BV(URSEL) | _BV(UCSZ1) | _BV(UCSZ0);  // config USART; 8N1
  UBRRL = (uint8_t)( (F_CPU + BAUD_RATE * 4L) / (BAUD_RATE * 8L) - 1 );
#else
  UART_SRA = _BV(U2X0); //Double speed mode USART0
   1fc16:	82 e0       	ldi	r24, 0x02	; 2
   1fc18:	80 93 c0 00 	sts	0x00C0, r24	; 0x8000c0 <__TEXT_REGION_LENGTH__+0x7e00c0>
  UART_SRB = _BV(RXEN0) | _BV(TXEN0);
   1fc1c:	88 e1       	ldi	r24, 0x18	; 24
   1fc1e:	80 93 c1 00 	sts	0x00C1, r24	; 0x8000c1 <__TEXT_REGION_LENGTH__+0x7e00c1>
  UART_SRC = _BV(UCSZ00) | _BV(UCSZ01);
   1fc22:	86 e0       	ldi	r24, 0x06	; 6
   1fc24:	80 93 c2 00 	sts	0x00C2, r24	; 0x8000c2 <__TEXT_REGION_LENGTH__+0x7e00c2>
  UART_SRL = (uint8_t)( (F_CPU + BAUD_RATE * 4L) / (BAUD_RATE * 8L) - 1 );
   1fc28:	87 e0       	ldi	r24, 0x07	; 7
   1fc2a:	80 93 c4 00 	sts	0x00C4, r24	; 0x8000c4 <__TEXT_REGION_LENGTH__+0x7e00c4>
#endif
#endif

  // Set up watchdog to trigger after 1s
  watchdogConfig(WATCHDOG_4S);
   1fc2e:	88 e2       	ldi	r24, 0x28	; 40
   1fc30:	e5 d0       	rcall	.+458    	; 0x1fdfc <watchdogConfig>

#if (LED_START_FLASHES > 0) || defined(LED_DATA_FLASH)
  /* Set LED pin as output */
  LED_DDR |= _BV(LED);
   1fc32:	0c 9a       	sbi	0x01, 4	; 1
   1fc34:	86 e0       	ldi	r24, 0x06	; 6
}

#if LED_START_FLASHES > 0
void flash_led(uint8_t count) {
  do {
    TCNT1 = -(F_CPU/(1024*16));
   1fc36:	2e e3       	ldi	r18, 0x3E	; 62
   1fc38:	3e ef       	ldi	r19, 0xFE	; 254
    TIFR1 = _BV(TOV1);
   1fc3a:	91 e0       	ldi	r25, 0x01	; 1
}

#if LED_START_FLASHES > 0
void flash_led(uint8_t count) {
  do {
    TCNT1 = -(F_CPU/(1024*16));
   1fc3c:	30 93 85 00 	sts	0x0085, r19	; 0x800085 <__TEXT_REGION_LENGTH__+0x7e0085>
   1fc40:	20 93 84 00 	sts	0x0084, r18	; 0x800084 <__TEXT_REGION_LENGTH__+0x7e0084>
    TIFR1 = _BV(TOV1);
   1fc44:	96 bb       	out	0x16, r25	; 22
    while(!(TIFR1 & _BV(TOV1)));
   1fc46:	b0 9b       	sbis	0x16, 0	; 22
   1fc48:	fe cf       	rjmp	.-4      	; 0x1fc46 <main+0x46>
#if defined(__AVR_ATmega8__) || defined (__AVR_ATmega32__) || defined (__AVR_ATmega16__)
    LED_PORT ^= _BV(LED);
#else
    LED_PIN |= _BV(LED);
   1fc4a:	04 9a       	sbi	0x00, 4	; 0
}
#endif

// Watchdog functions. These are only safe with interrupts turned off.
void watchdogReset() {
  __asm__ __volatile__ (
   1fc4c:	a8 95       	wdr
   1fc4e:	81 50       	subi	r24, 0x01	; 1
    LED_PORT ^= _BV(LED);
#else
    LED_PIN |= _BV(LED);
#endif
    watchdogReset();
  } while (--count);
   1fc50:	a9 f7       	brne	.-22     	; 0x1fc3c <main+0x3c>
   1fc52:	61 2c       	mov	r6, r1
   1fc54:	71 2c       	mov	r7, r1
	     */
	    do {
		uint16_t a;
		a = *bufPtr++;
		a |= (*bufPtr++) << 8;
		__boot_page_fill_short((uint16_t)(void*)addrPtr,a);
   1fc56:	ff 24       	eor	r15, r15
   1fc58:	f3 94       	inc	r15
	    } while (len -= 2);

	    /*
	     * Actually Write the buffer to flash (and wait for it to finish.)
	     */
	    __boot_page_write_short((uint16_t)(void*)address);
   1fc5a:	45 e0       	ldi	r20, 0x05	; 5
   1fc5c:	e4 2e       	mov	r14, r20
	    boot_spm_busy_wait();
#if defined(RWWSRE)
	    // Reenable read access to flash
	    boot_rww_enable();
   1fc5e:	51 e1       	ldi	r21, 0x11	; 17
   1fc60:	d5 2e       	mov	r13, r21
#endif

  /* Forever loop: exits by causing WDT reset */
  for (;;) {
    /* get character from UART */
    ch = getch();
   1fc62:	c0 d0       	rcall	.+384    	; 0x1fde4 <getch>

    if(ch == STK_GET_PARAMETER) {
   1fc64:	81 34       	cpi	r24, 0x41	; 65
   1fc66:	d1 f4       	brne	.+52     	; 0x1fc9c <main+0x9c>
      unsigned char which = getch();
   1fc68:	bd d0       	rcall	.+378    	; 0x1fde4 <getch>
      verifySpace();
   1fc6a:	89 83       	std	Y+1, r24	; 0x01
   1fc6c:	cd d0       	rcall	.+410    	; 0x1fe08 <verifySpace>
      /*
       * Send optiboot version as "SW version"
       * Note that the references to memory are optimized away.
       */
      if (which == STK_SW_MINOR) {
   1fc6e:	89 81       	ldd	r24, Y+1	; 0x01
   1fc70:	82 38       	cpi	r24, 0x82	; 130
   1fc72:	11 f4       	brne	.+4      	; 0x1fc78 <main+0x78>
	  putch(optiboot_version & 0xFF);
   1fc74:	82 e0       	ldi	r24, 0x02	; 2
   1fc76:	10 c0       	rjmp	.+32     	; 0x1fc98 <main+0x98>
      } else if (which == STK_SW_MAJOR) {
   1fc78:	81 38       	cpi	r24, 0x81	; 129
   1fc7a:	69 f4       	brne	.+26     	; 0x1fc96 <main+0x96>
	  putch(optiboot_version >> 8);
   1fc7c:	86 e0       	ldi	r24, 0x06	; 6
   1fc7e:	0c c0       	rjmp	.+24     	; 0x1fc98 <main+0x98>
      writebuffer(desttype, buff, address, savelength);


    }
    /* Read memory block mode, length is big endian.  */
    else if(ch == STK_READ_PAGE) {
   1fc80:	84 37       	cpi	r24, 0x74	; 116
   1fc82:	09 f4       	brne	.+2      	; 0x1fc86 <main+0x86>
   1fc84:	7e c0       	rjmp	.+252    	; 0x1fd82 <main+0x182>

      read_mem(desttype, address, length);
    }

    /* Get device signature bytes  */
    else if(ch == STK_READ_SIGN) {
   1fc86:	85 37       	cpi	r24, 0x75	; 117
   1fc88:	09 f0       	breq	.+2      	; 0x1fc8c <main+0x8c>
   1fc8a:	9d c0       	rjmp	.+314    	; 0x1fdc6 <main+0x1c6>
      // READ SIGN - return what Avrdude wants to hear
      verifySpace();
   1fc8c:	bd d0       	rcall	.+378    	; 0x1fe08 <verifySpace>
      putch(SIGNATURE_0);
   1fc8e:	8e e1       	ldi	r24, 0x1E	; 30
   1fc90:	a2 d0       	rcall	.+324    	; 0x1fdd6 <putch>
      putch(SIGNATURE_1);
   1fc92:	87 e9       	ldi	r24, 0x97	; 151
   1fc94:	a0 d0       	rcall	.+320    	; 0x1fdd6 <putch>
      } else {
	/*
	 * GET PARAMETER returns a generic 0x03 reply for
         * other parameters - enough to keep Avrdude happy
	 */
	putch(0x03);
   1fc96:	83 e0       	ldi	r24, 0x03	; 3
   1fc98:	9e d0       	rcall	.+316    	; 0x1fdd6 <putch>
   1fc9a:	9a c0       	rjmp	.+308    	; 0x1fdd0 <main+0x1d0>
      }
    }
    else if(ch == STK_SET_DEVICE) {
   1fc9c:	82 34       	cpi	r24, 0x42	; 66
   1fc9e:	11 f4       	brne	.+4      	; 0x1fca4 <main+0xa4>
      // SET DEVICE is ignored
      getNch(20);
   1fca0:	84 e1       	ldi	r24, 0x14	; 20
   1fca2:	03 c0       	rjmp	.+6      	; 0x1fcaa <main+0xaa>
    }
    else if(ch == STK_SET_DEVICE_EXT) {
   1fca4:	85 34       	cpi	r24, 0x45	; 69
   1fca6:	19 f4       	brne	.+6      	; 0x1fcae <main+0xae>
      // SET DEVICE EXT is ignored
      getNch(5);
   1fca8:	85 e0       	ldi	r24, 0x05	; 5
   1fcaa:	b6 d0       	rcall	.+364    	; 0x1fe18 <getNch>
   1fcac:	91 c0       	rjmp	.+290    	; 0x1fdd0 <main+0x1d0>
    }
    else if(ch == STK_LOAD_ADDRESS) {
   1fcae:	85 35       	cpi	r24, 0x55	; 85
   1fcb0:	71 f4       	brne	.+28     	; 0x1fcce <main+0xce>
      // LOAD ADDRESS
      uint16_t newAddress;
      newAddress = getch();
   1fcb2:	98 d0       	rcall	.+304    	; 0x1fde4 <getch>
   1fcb4:	18 2f       	mov	r17, r24
      newAddress = (newAddress & 0xff) | (getch() << 8);
   1fcb6:	96 d0       	rcall	.+300    	; 0x1fde4 <getch>
   1fcb8:	61 2e       	mov	r6, r17
   1fcba:	71 2c       	mov	r7, r1
   1fcbc:	78 2a       	or	r7, r24
#ifdef RAMPZ
      // Transfer top bit to RAMPZ
      RAMPZ = (newAddress & 0x8000) ? 1 : 0;
   1fcbe:	87 2d       	mov	r24, r7
   1fcc0:	88 1f       	adc	r24, r24
   1fcc2:	88 27       	eor	r24, r24
   1fcc4:	88 1f       	adc	r24, r24
   1fcc6:	8b bf       	out	0x3b, r24	; 59
#endif
      newAddress += newAddress; // Convert from word address to byte address
   1fcc8:	66 0c       	add	r6, r6
   1fcca:	77 1c       	adc	r7, r7
   1fccc:	80 c0       	rjmp	.+256    	; 0x1fdce <main+0x1ce>
      address = newAddress;
      verifySpace();
    }
    else if(ch == STK_UNIVERSAL) {
   1fcce:	86 35       	cpi	r24, 0x56	; 86
   1fcd0:	21 f4       	brne	.+8      	; 0x1fcda <main+0xda>
      // UNIVERSAL command is ignored
      getNch(4);
   1fcd2:	84 e0       	ldi	r24, 0x04	; 4
   1fcd4:	a1 d0       	rcall	.+322    	; 0x1fe18 <getNch>
      putch(0x00);
   1fcd6:	80 e0       	ldi	r24, 0x00	; 0
   1fcd8:	df cf       	rjmp	.-66     	; 0x1fc98 <main+0x98>
    }
    /* Write memory, length is big endian and is in bytes */
    else if(ch == STK_PROG_PAGE) {
   1fcda:	84 36       	cpi	r24, 0x64	; 100
   1fcdc:	89 f6       	brne	.-94     	; 0x1fc80 <main+0x80>
      // PROGRAM PAGE - we support flash programming only, not EEPROM
      uint8_t desttype;
      uint8_t *bufPtr;
      pagelen_t savelength;

      GETLENGTH(length);
   1fcde:	82 d0       	rcall	.+260    	; 0x1fde4 <getch>
   1fce0:	08 2f       	mov	r16, r24
   1fce2:	10 e0       	ldi	r17, 0x00	; 0
   1fce4:	10 2f       	mov	r17, r16
   1fce6:	00 27       	eor	r16, r16
   1fce8:	7d d0       	rcall	.+250    	; 0x1fde4 <getch>
   1fcea:	08 2b       	or	r16, r24
      savelength = length;
      desttype = getch();
   1fcec:	7b d0       	rcall	.+246    	; 0x1fde4 <getch>
   1fcee:	c8 2e       	mov	r12, r24
      // PROGRAM PAGE - we support flash programming only, not EEPROM
      uint8_t desttype;
      uint8_t *bufPtr;
      pagelen_t savelength;

      GETLENGTH(length);
   1fcf0:	58 01       	movw	r10, r16
      savelength = length;
      desttype = getch();
   1fcf2:	81 2c       	mov	r8, r1
   1fcf4:	22 e0       	ldi	r18, 0x02	; 2
   1fcf6:	92 2e       	mov	r9, r18

      // read a page worth of contents
      bufPtr = buff;
      do *bufPtr++ = getch();
   1fcf8:	75 d0       	rcall	.+234    	; 0x1fde4 <getch>
   1fcfa:	f4 01       	movw	r30, r8
   1fcfc:	81 93       	st	Z+, r24
   1fcfe:	4f 01       	movw	r8, r30
      while (--length);
   1fd00:	f1 e0       	ldi	r31, 0x01	; 1
   1fd02:	af 1a       	sub	r10, r31
   1fd04:	b1 08       	sbc	r11, r1
   1fd06:	c1 f7       	brne	.-16     	; 0x1fcf8 <main+0xf8>

      // Read command terminator, start reply
      verifySpace();
   1fd08:	7f d0       	rcall	.+254    	; 0x1fe08 <verifySpace>
 * void writebuffer(memtype, buffer, address, length)
 */
static inline void writebuffer(int8_t memtype, uint8_t *mybuff,
			       uint16_t address, pagelen_t len)
{
    switch (memtype) {
   1fd0a:	85 e4       	ldi	r24, 0x45	; 69
   1fd0c:	c8 12       	cpse	r12, r24
   1fd0e:	13 c0       	rjmp	.+38     	; 0x1fd36 <main+0x136>
   1fd10:	48 01       	movw	r8, r16
   1fd12:	ee ef       	ldi	r30, 0xFE	; 254
   1fd14:	9e 1a       	sub	r9, r30
   1fd16:	53 01       	movw	r10, r6
   1fd18:	00 e0       	ldi	r16, 0x00	; 0
   1fd1a:	12 e0       	ldi	r17, 0x02	; 2
    case 'E': // EEPROM
#if defined(SUPPORT_EEPROM) || defined(BIGBOOT)
        while(len--) {
   1fd1c:	08 15       	cp	r16, r8
   1fd1e:	19 05       	cpc	r17, r9
   1fd20:	09 f4       	brne	.+2      	; 0x1fd24 <main+0x124>
   1fd22:	56 c0       	rjmp	.+172    	; 0x1fdd0 <main+0x1d0>
	    eeprom_write_byte((uint8_t *)(address++), *mybuff++);
   1fd24:	f8 01       	movw	r30, r16
   1fd26:	61 91       	ld	r22, Z+
   1fd28:	8f 01       	movw	r16, r30
   1fd2a:	c5 01       	movw	r24, r10
   1fd2c:	8a d0       	rcall	.+276    	; 0x1fe42 <eeprom_write_byte>
   1fd2e:	ff ef       	ldi	r31, 0xFF	; 255
   1fd30:	af 1a       	sub	r10, r31
   1fd32:	bf 0a       	sbc	r11, r31
   1fd34:	f3 cf       	rjmp	.-26     	; 0x1fd1c <main+0x11c>
	     * Start the page erase and wait for it to finish.  There
	     * used to be code to do this while receiving the data over
	     * the serial link, but the performance improvement was slight,
	     * and we needed the space back.
	     */
	    __boot_page_erase_short((uint16_t)(void*)address);
   1fd36:	83 e0       	ldi	r24, 0x03	; 3
   1fd38:	f3 01       	movw	r30, r6
   1fd3a:	87 bf       	out	0x37, r24	; 55
   1fd3c:	e8 95       	spm
	    boot_spm_busy_wait();
   1fd3e:	07 b6       	in	r0, 0x37	; 55
   1fd40:	00 fc       	sbrc	r0, 0
   1fd42:	fd cf       	rjmp	.-6      	; 0x1fd3e <main+0x13e>
   1fd44:	80 e0       	ldi	r24, 0x00	; 0
   1fd46:	90 e0       	ldi	r25, 0x00	; 0
   1fd48:	fc 01       	movw	r30, r24
   1fd4a:	fe 5f       	subi	r31, 0xFE	; 254
	    /*
	     * Copy data from the buffer into the flash write buffer.
	     */
	    do {
		uint16_t a;
		a = *bufPtr++;
   1fd4c:	20 81       	ld	r18, Z
   1fd4e:	fc 01       	movw	r30, r24
   1fd50:	e6 0d       	add	r30, r6
   1fd52:	f7 1d       	adc	r31, r7
   1fd54:	dc 01       	movw	r26, r24
   1fd56:	af 5f       	subi	r26, 0xFF	; 255
   1fd58:	bd 4f       	sbci	r27, 0xFD	; 253
		a |= (*bufPtr++) << 8;
   1fd5a:	4c 91       	ld	r20, X
   1fd5c:	30 e0       	ldi	r19, 0x00	; 0
   1fd5e:	34 2b       	or	r19, r20
		__boot_page_fill_short((uint16_t)(void*)addrPtr,a);
   1fd60:	09 01       	movw	r0, r18
   1fd62:	f7 be       	out	0x37, r15	; 55
   1fd64:	e8 95       	spm
   1fd66:	11 24       	eor	r1, r1
   1fd68:	02 96       	adiw	r24, 0x02	; 2
		addrPtr += 2;
	    } while (len -= 2);
   1fd6a:	08 17       	cp	r16, r24
   1fd6c:	19 07       	cpc	r17, r25
   1fd6e:	61 f7       	brne	.-40     	; 0x1fd48 <main+0x148>

	    /*
	     * Actually Write the buffer to flash (and wait for it to finish.)
	     */
	    __boot_page_write_short((uint16_t)(void*)address);
   1fd70:	f3 01       	movw	r30, r6
   1fd72:	e7 be       	out	0x37, r14	; 55
   1fd74:	e8 95       	spm
	    boot_spm_busy_wait();
   1fd76:	07 b6       	in	r0, 0x37	; 55
   1fd78:	00 fc       	sbrc	r0, 0
   1fd7a:	fd cf       	rjmp	.-6      	; 0x1fd76 <main+0x176>
#if defined(RWWSRE)
	    // Reenable read access to flash
	    boot_rww_enable();
   1fd7c:	d7 be       	out	0x37, r13	; 55
   1fd7e:	e8 95       	spm
   1fd80:	27 c0       	rjmp	.+78     	; 0x1fdd0 <main+0x1d0>

    }
    /* Read memory block mode, length is big endian.  */
    else if(ch == STK_READ_PAGE) {
      uint8_t desttype;
      GETLENGTH(length);
   1fd82:	30 d0       	rcall	.+96     	; 0x1fde4 <getch>
   1fd84:	08 2f       	mov	r16, r24
   1fd86:	10 e0       	ldi	r17, 0x00	; 0
   1fd88:	10 2f       	mov	r17, r16
   1fd8a:	00 27       	eor	r16, r16
   1fd8c:	2b d0       	rcall	.+86     	; 0x1fde4 <getch>
   1fd8e:	08 2b       	or	r16, r24

      desttype = getch();
   1fd90:	29 d0       	rcall	.+82     	; 0x1fde4 <getch>

      verifySpace();
   1fd92:	89 83       	std	Y+1, r24	; 0x01
   1fd94:	39 d0       	rcall	.+114    	; 0x1fe08 <verifySpace>

static inline void read_mem(uint8_t memtype, uint16_t address, pagelen_t length)
{
    uint8_t ch;

    switch (memtype) {
   1fd96:	89 81       	ldd	r24, Y+1	; 0x01
   1fd98:	53 01       	movw	r10, r6
   1fd9a:	85 34       	cpi	r24, 0x45	; 69
   1fd9c:	61 f4       	brne	.+24     	; 0x1fdb6 <main+0x1b6>

#if defined(SUPPORT_EEPROM) || defined(BIGBOOT)
    case 'E': // EEPROM
	do {
	    putch(eeprom_read_byte((uint8_t *)(address++)));
   1fd9e:	c5 01       	movw	r24, r10
   1fda0:	48 d0       	rcall	.+144    	; 0x1fe32 <eeprom_read_byte>
   1fda2:	19 d0       	rcall	.+50     	; 0x1fdd6 <putch>
	} while (--length);
   1fda4:	01 50       	subi	r16, 0x01	; 1
   1fda6:	11 09       	sbc	r17, r1
   1fda8:	ff ef       	ldi	r31, 0xFF	; 255
   1fdaa:	af 1a       	sub	r10, r31
   1fdac:	bf 0a       	sbc	r11, r31
   1fdae:	01 15       	cp	r16, r1
   1fdb0:	11 05       	cpc	r17, r1
   1fdb2:	a9 f7       	brne	.-22     	; 0x1fd9e <main+0x19e>
   1fdb4:	0d c0       	rjmp	.+26     	; 0x1fdd0 <main+0x1d0>
	    __asm__ ("elpm %0,Z+\n" : "=r" (ch), "=z" (address): "1" (address));
#else
	    // read a Flash byte and increment the address
	    __asm__ ("lpm %0,Z+\n" : "=r" (ch), "=z" (address): "1" (address));
#endif
	    putch(ch);
   1fdb6:	f5 01       	movw	r30, r10
   1fdb8:	87 91       	elpm	r24, Z+
   1fdba:	5f 01       	movw	r10, r30
   1fdbc:	0c d0       	rcall	.+24     	; 0x1fdd6 <putch>
	} while (--length);
   1fdbe:	01 50       	subi	r16, 0x01	; 1
   1fdc0:	11 09       	sbc	r17, r1
   1fdc2:	c9 f7       	brne	.-14     	; 0x1fdb6 <main+0x1b6>
   1fdc4:	05 c0       	rjmp	.+10     	; 0x1fdd0 <main+0x1d0>
      verifySpace();
      putch(SIGNATURE_0);
      putch(SIGNATURE_1);
      putch(SIGNATURE_2);
    }
    else if (ch == STK_LEAVE_PROGMODE) { /* 'Q' */
   1fdc6:	81 35       	cpi	r24, 0x51	; 81
   1fdc8:	11 f4       	brne	.+4      	; 0x1fdce <main+0x1ce>
      // Adaboot no-wait mod
      watchdogConfig(WATCHDOG_16MS);
   1fdca:	88 e0       	ldi	r24, 0x08	; 8
   1fdcc:	17 d0       	rcall	.+46     	; 0x1fdfc <watchdogConfig>
      verifySpace();
    }
    else {
      // This covers the response to commands like STK_ENTER_PROGMODE
      verifySpace();
   1fdce:	1c d0       	rcall	.+56     	; 0x1fe08 <verifySpace>
    }
    putch(STK_OK);
   1fdd0:	80 e1       	ldi	r24, 0x10	; 16
   1fdd2:	01 d0       	rcall	.+2      	; 0x1fdd6 <putch>
  }
   1fdd4:	46 cf       	rjmp	.-372    	; 0x1fc62 <main+0x62>

0001fdd6 <putch>:
}

void putch(char ch) {
#ifndef SOFT_UART
  while (!(UART_SRA & _BV(UDRE0)));
   1fdd6:	90 91 c0 00 	lds	r25, 0x00C0	; 0x8000c0 <__TEXT_REGION_LENGTH__+0x7e00c0>
   1fdda:	95 ff       	sbrs	r25, 5
   1fddc:	fc cf       	rjmp	.-8      	; 0x1fdd6 <putch>
  UART_UDR = ch;
   1fdde:	80 93 c6 00 	sts	0x00C6, r24	; 0x8000c6 <__TEXT_REGION_LENGTH__+0x7e00c6>
   1fde2:	08 95       	ret

0001fde4 <getch>:
      [uartBit] "I" (UART_RX_BIT)
    :
      "r25"
);
#else
  while(!(UART_SRA & _BV(RXC0)))
   1fde4:	80 91 c0 00 	lds	r24, 0x00C0	; 0x8000c0 <__TEXT_REGION_LENGTH__+0x7e00c0>
   1fde8:	87 ff       	sbrs	r24, 7
   1fdea:	fc cf       	rjmp	.-8      	; 0x1fde4 <getch>
    ;
  if (!(UART_SRA & _BV(FE0))) {
   1fdec:	80 91 c0 00 	lds	r24, 0x00C0	; 0x8000c0 <__TEXT_REGION_LENGTH__+0x7e00c0>
   1fdf0:	84 fd       	sbrc	r24, 4
   1fdf2:	01 c0       	rjmp	.+2      	; 0x1fdf6 <getch+0x12>
}
#endif

// Watchdog functions. These are only safe with interrupts turned off.
void watchdogReset() {
  __asm__ __volatile__ (
   1fdf4:	a8 95       	wdr
       * don't care that an invalid char is returned...)
       */
    watchdogReset();
  }

  ch = UART_UDR;
   1fdf6:	80 91 c6 00 	lds	r24, 0x00C6	; 0x8000c6 <__TEXT_REGION_LENGTH__+0x7e00c6>
  LED_PIN |= _BV(LED);
#endif
#endif

  return ch;
}
   1fdfa:	08 95       	ret

0001fdfc <watchdogConfig>:
    "wdr\n"
  );
}

void watchdogConfig(uint8_t x) {
  WDTCSR = _BV(WDCE) | _BV(WDE);
   1fdfc:	e0 e6       	ldi	r30, 0x60	; 96
   1fdfe:	f0 e0       	ldi	r31, 0x00	; 0
   1fe00:	98 e1       	ldi	r25, 0x18	; 24
   1fe02:	90 83       	st	Z, r25
  WDTCSR = x;
   1fe04:	80 83       	st	Z, r24
   1fe06:	08 95       	ret

0001fe08 <verifySpace>:
  do getch(); while (--count);
  verifySpace();
}

void verifySpace() {
  if (getch() != CRC_EOP) {
   1fe08:	ed df       	rcall	.-38     	; 0x1fde4 <getch>
   1fe0a:	80 32       	cpi	r24, 0x20	; 32
   1fe0c:	19 f0       	breq	.+6      	; 0x1fe14 <verifySpace+0xc>
    watchdogConfig(WATCHDOG_16MS);    // shorten WD timeout
   1fe0e:	88 e0       	ldi	r24, 0x08	; 8
   1fe10:	f5 df       	rcall	.-22     	; 0x1fdfc <watchdogConfig>
    while (1)			      // and busy-loop so that WD causes
      ;				      //  a reset and app start.
   1fe12:	ff cf       	rjmp	.-2      	; 0x1fe12 <verifySpace+0xa>
  }
  putch(STK_INSYNC);
   1fe14:	84 e1       	ldi	r24, 0x14	; 20
   1fe16:	df cf       	rjmp	.-66     	; 0x1fdd6 <putch>

0001fe18 <getNch>:
    ::[count] "M" (UART_B_VALUE)
  );
}
#endif

void getNch(uint8_t count) {
   1fe18:	cf 93       	push	r28
   1fe1a:	c8 2f       	mov	r28, r24
  do getch(); while (--count);
   1fe1c:	e3 df       	rcall	.-58     	; 0x1fde4 <getch>
   1fe1e:	c1 50       	subi	r28, 0x01	; 1
   1fe20:	e9 f7       	brne	.-6      	; 0x1fe1c <getNch+0x4>
  verifySpace();
}
   1fe22:	cf 91       	pop	r28
}
#endif

void getNch(uint8_t count) {
  do getch(); while (--count);
  verifySpace();
   1fe24:	f1 cf       	rjmp	.-30     	; 0x1fe08 <verifySpace>

0001fe26 <appStart>:

void appStart(uint8_t rstFlags) {
  // save the reset flags in the designated register
  //  This can be saved in a main program by putting code in .init0 (which
  //  executes before normal c init code) to save R2 to a global variable.
  __asm__ __volatile__ ("mov r2, %0\n" :: "r" (rstFlags));
   1fe26:	28 2e       	mov	r2, r24

  watchdogConfig(WATCHDOG_OFF);
   1fe28:	80 e0       	ldi	r24, 0x00	; 0
   1fe2a:	e8 df       	rcall	.-48     	; 0x1fdfc <watchdogConfig>
  // Note that appstart_vec is defined so that this works with either
  // real or virtual boot partitions.
  __asm__ __volatile__ (
   1fe2c:	e0 e0       	ldi	r30, 0x00	; 0
   1fe2e:	ff 27       	eor	r31, r31
   1fe30:	09 94       	ijmp

0001fe32 <eeprom_read_byte>:
   1fe32:	f9 99       	sbic	0x1f, 1	; 31
   1fe34:	fe cf       	rjmp	.-4      	; 0x1fe32 <eeprom_read_byte>
   1fe36:	92 bd       	out	0x22, r25	; 34
   1fe38:	81 bd       	out	0x21, r24	; 33
   1fe3a:	f8 9a       	sbi	0x1f, 0	; 31
   1fe3c:	99 27       	eor	r25, r25
   1fe3e:	80 b5       	in	r24, 0x20	; 32
   1fe40:	08 95       	ret

0001fe42 <eeprom_write_byte>:
   1fe42:	26 2f       	mov	r18, r22

0001fe44 <eeprom_write_r18>:
   1fe44:	f9 99       	sbic	0x1f, 1	; 31
   1fe46:	fe cf       	rjmp	.-4      	; 0x1fe44 <eeprom_write_r18>
   1fe48:	1f ba       	out	0x1f, r1	; 31
   1fe4a:	92 bd       	out	0x22, r25	; 34
   1fe4c:	81 bd       	out	0x21, r24	; 33
   1fe4e:	20 bd       	out	0x20, r18	; 32
   1fe50:	0f b6       	in	r0, 0x3f	; 63
   1fe52:	f8 94       	cli
   1fe54:	fa 9a       	sbi	0x1f, 2	; 31
   1fe56:	f9 9a       	sbi	0x1f, 1	; 31
   1fe58:	0f be       	out	0x3f, r0	; 63
   1fe5a:	01 96       	adiw	r24, 0x01	; 1
   1fe5c:	08 95       	ret
